TN:
SF:nrt_string_utils\string_utils.py
DA:1,1,ndAV327igAeTT6Zg7rn+qQ
DA:2,1,OaTlemF3bXMi5MP7Db8vkQ
DA:3,1,p7hNY1S5rX9QtYADf+cK4g
DA:4,1,jEc91tz0B1b2beSYnS+UDQ
DA:7,1,t3cgqSscNV4MooYFbVKjCA
DA:9,1,KxgaGtJPkScc4OG7mJ59vg
DA:10,1,OzMwIcjomhbBJk8j5PXesA
DA:11,1,QnBxx6k3yzKKKr4cYWWg1g
DA:12,1,ocpsOdmNwj/atIphJ9TNOw
DA:13,1,a33SmrWG25SsNHCAPx25GQ
DA:15,1,KxgaGtJPkScc4OG7mJ59vg
DA:16,1,I3VWm8M26fG4MNDqeB3N/A
DA:17,1,GNEwX5vQs0CJxpqHEQ4P7w
DA:18,1,i3ecQCXlfRsEiOhw6eH+PA
DA:19,1,7jnPaGKzgte7ynsIWIIung
DA:21,1,KxgaGtJPkScc4OG7mJ59vg
DA:22,1,8MpGkw4fkqP5CusTpSmtaw
DA:23,1,NpirRD+6uUOi43RPyb3qzg
DA:25,1,KxgaGtJPkScc4OG7mJ59vg
DA:26,1,Ilgbeuf6B+bQbMFma27pSw
DA:27,1,VRCDIlPeZ3JKR8SLB1jghw
DA:28,1,zVf5nwP9Um4ngLWl1TUMbw
DA:29,1,flK9QPLku7wmdKqsVQ2YFg
DA:31,1,KxgaGtJPkScc4OG7mJ59vg
DA:32,1,xgGGVgnN2kkdjP6PaCvlFA
DA:33,1,SNKWXOJVZalQWp0pvQlsaQ
DA:35,1,KxgaGtJPkScc4OG7mJ59vg
DA:36,1,ou/icW8FDgUQfWoBMqvEgA
DA:37,1,Yy71+cAu7xuIXa2dJLbsyw
DA:40,1,y7Hd9Pbhb8rn4hSmmGspUA
DA:41,1,kIkI6LZV6U5KYGEEM/ryGA
DA:43,1,Nnqu9X+lU2lagW39QNhFWA
DA:44,1,ehVAU+kvojgDxlwhjW4JAA
DA:45,1,z1SyaQTKDE4V1NFa77Neng
DA:46,1,kycMaH6XbPuAfUpgfG1Lbg
DA:48,1,5k9MZ/AIwTXlFFrSbuKmHQ
DA:49,1,kycMaH6XbPuAfUpgfG1Lbg
DA:51,1,VoNYgMJRJjMAPVys57z++Q
DA:52,1,kycMaH6XbPuAfUpgfG1Lbg
DA:54,1,xjcDBnSwra0OiNOAYAwoHA
DA:55,1,cgefGxDphQADe/T+hjgjGA
DA:56,1,MQAw7ryZXIqoa+XVvQuYKQ
DA:57,1,kycMaH6XbPuAfUpgfG1Lbg
DA:59,1,eJ6zrxnLWn/k18a2vHOhRA
DA:61,1,KxgaGtJPkScc4OG7mJ59vg
DA:62,1,4FVu9HXrvnOWPWleP+B38w
DA:63,1,z1SyaQTKDE4V1NFa77Neng
DA:64,1,kycMaH6XbPuAfUpgfG1Lbg
DA:66,1,5k9MZ/AIwTXlFFrSbuKmHQ
DA:67,1,kycMaH6XbPuAfUpgfG1Lbg
DA:69,1,xjcDBnSwra0OiNOAYAwoHA
DA:70,1,MlhZHQLW43Fz+OPFJzR+kA
DA:71,1,MQAw7ryZXIqoa+XVvQuYKQ
DA:72,1,kycMaH6XbPuAfUpgfG1Lbg
DA:74,1,eJ6zrxnLWn/k18a2vHOhRA
DA:76,1,KxgaGtJPkScc4OG7mJ59vg
DA:77,1,v8YBlzTNkncAoRc5PDi45Q
DA:78,1,z1SyaQTKDE4V1NFa77Neng
DA:79,1,kycMaH6XbPuAfUpgfG1Lbg
DA:81,1,xjcDBnSwra0OiNOAYAwoHA
DA:82,1,KBNTs8HbYaOYjHZ69rFpCg
DA:83,1,MQAw7ryZXIqoa+XVvQuYKQ
DA:84,1,kycMaH6XbPuAfUpgfG1Lbg
DA:86,1,eJ6zrxnLWn/k18a2vHOhRA
DA:88,1,Nnqu9X+lU2lagW39QNhFWA
DA:89,1,nDJa7hn37dDQKtw266BKkA
DA:90,1,wWTMnlk+mNDJKynpdNG6yA
DA:92,1,Nnqu9X+lU2lagW39QNhFWA
DA:93,1,vwSRCev0ByTYnlEDcr7xNw
DA:94,1,hF4i/pOun2CcE+9nOosn5g
DA:96,1,Nnqu9X+lU2lagW39QNhFWA
DA:97,1,mSFexbgjTsiX9Y3gxBy2aw
DA:98,1,ZHJP2SOJ6MsbrXLuxiV9Ow
DA:100,1,KxgaGtJPkScc4OG7mJ59vg
DA:101,1,s4Yanree1I6TJ09ZHnIkqA
DA:102,1,+KkeAHWHNwn1qDl1ub7cUw
DA:104,1,KxgaGtJPkScc4OG7mJ59vg
DA:105,1,aYKMeiTd1TuKNorVH2Mqzg
DA:110,1,YLIOePCxXbTZFuO0RvlWZg
DA:111,1,EKL/k+DXl28l9co8XpF1Ww
DA:113,1,WVCk9CJ6ZhT7NXoUeo2pwQ
DA:115,1,9Lt77w8pqdh9LtSkUr3k+w
DA:116,1,dlzI/2P+LwBuc7fl7lY+zg
DA:117,1,JeqypA6BTltNQhQWzYku8A
DA:119,1,KxgaGtJPkScc4OG7mJ59vg
DA:120,1,G5uoKZjVDVFlTmpNWJsiOA
DA:123,1,8MuWVxcKn+wjE1Jq2ywyHw
DA:124,1,camMpDNZ4QSitbwcHnHDmA
DA:125,1,RtdSQxMZzbktdFFNPsOjfg
DA:127,1,KxgaGtJPkScc4OG7mJ59vg
DA:128,1,TylEsXFYXDZXweRc+KOvsw
DA:129,1,3ifg6HDzWrFeSm8F8pzMpQ
LF:92
LH:92
BRDA:9,0,0,1
BRDA:15,0,1,1
BRDA:15,1,0,1
BRDA:21,1,1,1
BRDA:21,2,0,1
BRDA:25,2,1,1
BRDA:0,3,0,1
BRDA:0,3,1,1
BRDA:23,3,2,1
BRDA:25,4,0,1
BRDA:31,4,1,1
BRDA:31,5,0,1
BRDA:35,5,1,1
BRDA:35,6,0,1
BRDA:43,6,1,1
BRDA:43,7,0,1
BRDA:61,7,1,1
BRDA:46,8,0,1
BRDA:48,8,1,1
BRDA:49,9,0,1
BRDA:51,9,1,1
BRDA:52,10,0,1
BRDA:54,10,1,1
BRDA:61,11,0,1
BRDA:76,11,1,1
BRDA:64,12,0,1
BRDA:66,12,1,1
BRDA:67,13,0,1
BRDA:69,13,1,1
BRDA:76,14,0,1
BRDA:88,14,1,1
BRDA:79,15,0,1
BRDA:81,15,1,1
BRDA:88,16,0,1
BRDA:92,16,1,1
BRDA:92,17,0,1
BRDA:96,17,1,1
BRDA:96,18,0,1
BRDA:100,18,1,1
BRDA:100,19,0,1
BRDA:104,19,1,1
BRDA:104,20,0,1
BRDA:105,20,1,1
BRDA:119,20,2,1
BRDA:111,21,0,1
BRDA:113,21,1,1
BRDA:119,22,0,1
BRDA:120,22,1,1
BRDA:127,22,2,1
BRDA:0,23,0,1
BRDA:127,23,1,1
BRF:48
BRH:48
end_of_record
