TN:
SF:nrt_string_utils\string_utils.py
DA:1,1,ndAV327igAeTT6Zg7rn+qQ
DA:2,1,OaTlemF3bXMi5MP7Db8vkQ
DA:3,1,p7hNY1S5rX9QtYADf+cK4g
DA:4,1,jEc91tz0B1b2beSYnS+UDQ
DA:7,1,t3cgqSscNV4MooYFbVKjCA
DA:9,1,KxgaGtJPkScc4OG7mJ59vg
DA:10,1,OzMwIcjomhbBJk8j5PXesA
DA:11,1,QnBxx6k3yzKKKr4cYWWg1g
DA:12,1,ocpsOdmNwj/atIphJ9TNOw
DA:13,1,a33SmrWG25SsNHCAPx25GQ
DA:15,1,KxgaGtJPkScc4OG7mJ59vg
DA:16,1,I3VWm8M26fG4MNDqeB3N/A
DA:17,1,GNEwX5vQs0CJxpqHEQ4P7w
DA:18,1,i3ecQCXlfRsEiOhw6eH+PA
DA:19,1,7jnPaGKzgte7ynsIWIIung
DA:21,1,KxgaGtJPkScc4OG7mJ59vg
DA:22,1,8MpGkw4fkqP5CusTpSmtaw
DA:23,1,NpirRD+6uUOi43RPyb3qzg
DA:25,1,KxgaGtJPkScc4OG7mJ59vg
DA:26,1,Ilgbeuf6B+bQbMFma27pSw
DA:27,1,VRCDIlPeZ3JKR8SLB1jghw
DA:28,1,zVf5nwP9Um4ngLWl1TUMbw
DA:29,1,flK9QPLku7wmdKqsVQ2YFg
DA:31,1,KxgaGtJPkScc4OG7mJ59vg
DA:32,1,/FWljl5D84ggmYk7JrurDQ
DA:33,1,FplkTCMNVwb3oYqvX2tVYw
DA:35,1,KxgaGtJPkScc4OG7mJ59vg
DA:36,1,ou/icW8FDgUQfWoBMqvEgA
DA:37,1,Yy71+cAu7xuIXa2dJLbsyw
DA:40,1,y7Hd9Pbhb8rn4hSmmGspUA
DA:41,1,kIkI6LZV6U5KYGEEM/ryGA
DA:43,1,Nnqu9X+lU2lagW39QNhFWA
DA:44,1,Dgagl5J+/KIiT1VCobqzfg
DA:45,1,604DD/Qr7zRt28hF3sfoog
DA:46,1,kycMaH6XbPuAfUpgfG1Lbg
DA:48,1,LxWP08/S+L6UOM3b5u6yTQ
DA:49,1,kycMaH6XbPuAfUpgfG1Lbg
DA:51,1,2NwIfPswNc7jhaj2kk7iyg
DA:52,1,kycMaH6XbPuAfUpgfG1Lbg
DA:54,1,xjcDBnSwra0OiNOAYAwoHA
DA:55,1,WokQ50Qjji3qYXur6EjWqg
DA:56,1,MQAw7ryZXIqoa+XVvQuYKQ
DA:57,1,kycMaH6XbPuAfUpgfG1Lbg
DA:59,1,eJ6zrxnLWn/k18a2vHOhRA
DA:61,1,KxgaGtJPkScc4OG7mJ59vg
DA:62,1,ioNqRDRba6XC/GFK/49AUg
DA:63,1,604DD/Qr7zRt28hF3sfoog
DA:64,1,kycMaH6XbPuAfUpgfG1Lbg
DA:66,1,LxWP08/S+L6UOM3b5u6yTQ
DA:67,1,kycMaH6XbPuAfUpgfG1Lbg
DA:69,1,xjcDBnSwra0OiNOAYAwoHA
DA:70,1,QWpwD/rF2Y+rUFF9GUggiA
DA:71,1,MQAw7ryZXIqoa+XVvQuYKQ
DA:72,1,kycMaH6XbPuAfUpgfG1Lbg
DA:74,1,eJ6zrxnLWn/k18a2vHOhRA
DA:76,1,KxgaGtJPkScc4OG7mJ59vg
DA:77,1,CRdtyDGrxfurdozlKzvfCw
DA:78,1,xjcDBnSwra0OiNOAYAwoHA
DA:79,1,KBNTs8HbYaOYjHZ69rFpCg
DA:80,1,MQAw7ryZXIqoa+XVvQuYKQ
DA:81,1,kycMaH6XbPuAfUpgfG1Lbg
DA:83,1,eJ6zrxnLWn/k18a2vHOhRA
DA:85,1,Nnqu9X+lU2lagW39QNhFWA
DA:86,1,PLu9WTBuv3gO/I6m9rvEQQ
DA:87,1,J1tIu55JFPVHHpsf8BIC2Q
DA:89,1,Nnqu9X+lU2lagW39QNhFWA
DA:90,1,mAuhBZ0pUYXFDgjlobXSPg
DA:91,1,mmSoS1XD4+O53Q1PAIzoTA
DA:93,1,Nnqu9X+lU2lagW39QNhFWA
DA:94,1,PO2mzBQF4TaIZ6WhC2LbGQ
DA:95,1,S/pgUmH+JMuP7ghJLUM05Q
DA:97,1,KxgaGtJPkScc4OG7mJ59vg
DA:98,1,Cg+1vnzTsU26NCWmTbgt3w
DA:99,1,Sn3cczqVPRe4mcVn659qUg
DA:101,1,KxgaGtJPkScc4OG7mJ59vg
DA:102,1,aYKMeiTd1TuKNorVH2Mqzg
DA:107,1,YLIOePCxXbTZFuO0RvlWZg
DA:108,1,EKL/k+DXl28l9co8XpF1Ww
DA:110,1,WVCk9CJ6ZhT7NXoUeo2pwQ
DA:112,1,9Lt77w8pqdh9LtSkUr3k+w
DA:113,1,dlzI/2P+LwBuc7fl7lY+zg
DA:114,1,JeqypA6BTltNQhQWzYku8A
DA:116,1,KxgaGtJPkScc4OG7mJ59vg
DA:117,1,G5uoKZjVDVFlTmpNWJsiOA
DA:120,1,8MuWVxcKn+wjE1Jq2ywyHw
DA:121,1,camMpDNZ4QSitbwcHnHDmA
DA:122,1,RtdSQxMZzbktdFFNPsOjfg
DA:124,1,KxgaGtJPkScc4OG7mJ59vg
DA:125,1,TylEsXFYXDZXweRc+KOvsw
DA:126,1,3ifg6HDzWrFeSm8F8pzMpQ
LF:90
LH:90
BRDA:9,0,0,1
BRDA:15,0,1,1
BRDA:15,1,0,1
BRDA:21,1,1,1
BRDA:21,2,0,1
BRDA:25,2,1,1
BRDA:0,3,0,1
BRDA:0,3,1,1
BRDA:23,3,2,1
BRDA:25,4,0,1
BRDA:31,4,1,1
BRDA:31,5,0,1
BRDA:35,5,1,1
BRDA:35,6,0,1
BRDA:43,6,1,1
BRDA:43,7,0,1
BRDA:61,7,1,1
BRDA:46,8,0,1
BRDA:48,8,1,1
BRDA:49,9,0,1
BRDA:51,9,1,1
BRDA:52,10,0,1
BRDA:54,10,1,1
BRDA:61,11,0,1
BRDA:76,11,1,1
BRDA:64,12,0,1
BRDA:66,12,1,1
BRDA:67,13,0,1
BRDA:69,13,1,1
BRDA:76,14,0,1
BRDA:85,14,1,1
BRDA:85,15,0,1
BRDA:89,15,1,1
BRDA:89,16,0,1
BRDA:93,16,1,1
BRDA:93,17,0,1
BRDA:97,17,1,1
BRDA:97,18,0,1
BRDA:101,18,1,1
BRDA:101,19,0,1
BRDA:102,19,1,1
BRDA:116,19,2,1
BRDA:108,20,0,1
BRDA:110,20,1,1
BRDA:116,21,0,1
BRDA:117,21,1,1
BRDA:124,21,2,1
BRDA:0,22,0,1
BRDA:124,22,1,1
BRF:46
BRH:46
end_of_record
